\BOOKMARK [0][-]{chapter.1}{\376\377\000C\000a\000r\000a\000c\000t\000e\000r\000i\000z\000a\000c\000i\000\363\000n\000\040\000d\000e\000\040\000r\000e\000d\000e\000s}{}% 1
\BOOKMARK [1][-]{section.1.1}{\376\377\000T\000e\000r\000m\000i\000n\000o\000l\000o\000g\000\355\000a\000:\000\040\000r\000e\000d\000e\000s\000\040\000L\000A\000N\000,\000\040\000M\000A\000N\000\040\000y\000\040\000W\000A\000N\000,\000\040\000t\000o\000p\000o\000l\000o\000g\000\355\000a\000s\000,\000\040\000a\000r\000q\000u\000i\000t\000e\000c\000t\000u\000r\000a\000s\000,\000\040\000p\000r\000o\000t\000o\000c\000o\000l\000o\000s\000.}{chapter.1}% 2
\BOOKMARK [1][-]{section.1.2}{\376\377\000S\000i\000s\000t\000e\000m\000a\000s\000\040\000d\000e\000\040\000n\000u\000m\000e\000r\000a\000c\000i\000\363\000n\000\040\000d\000e\000c\000i\000m\000a\000l\000,\000\040\000b\000i\000n\000a\000r\000i\000o\000\040\000y\000\040\000h\000e\000x\000a\000d\000e\000c\000i\000m\000a\000l\000.}{chapter.1}% 3
\BOOKMARK [2][-]{subsection.1.2.1}{\376\377\000E\000j\000e\000r\000c\000i\000c\000i\000o\000:\000\040\000c\000o\000n\000v\000e\000r\000t\000i\000r\000\040\000a\000\040\000b\000i\000n\000a\000r\000i\000o}{section.1.2}% 4
\BOOKMARK [2][-]{subsection.1.2.2}{\376\377\000E\000j\000e\000r\000c\000i\000c\000i\000o\000:\000\040\000c\000o\000n\000v\000e\000r\000t\000i\000r\000\040\000a\000\040\000h\000e\000x\000a\000d\000e\000c\000i\000m\000a\000l}{section.1.2}% 5
\BOOKMARK [1][-]{section.1.3}{\376\377\000C\000o\000n\000v\000e\000r\000s\000i\000\363\000n\000\040\000e\000n\000t\000r\000e\000\040\000s\000i\000s\000t\000e\000m\000a\000s\000.}{chapter.1}% 6
\BOOKMARK [1][-]{section.1.4}{\376\377\000A\000r\000q\000u\000i\000t\000e\000c\000t\000u\000r\000a\000\040\000d\000e\000\040\000r\000e\000d\000e\000s\000.}{chapter.1}% 7
\BOOKMARK [1][-]{section.1.5}{\376\377\000E\000n\000c\000a\000p\000s\000u\000l\000a\000m\000i\000e\000n\000t\000o\000\040\000d\000e\000\040\000l\000a\000\040\000i\000n\000f\000o\000r\000m\000a\000c\000i\000\363\000n\000.}{chapter.1}% 8
\BOOKMARK [1][-]{section.1.6}{\376\377\000E\000l\000\040\000m\000o\000d\000e\000l\000o\000\040\000O\000S\000I\000.\000E\000l\000\040\000m\000o\000d\000e\000l\000o\000\040\000T\000C\000P\000/\000I\000P\000.}{chapter.1}% 9
\BOOKMARK [1][-]{section.1.7}{\376\377\000L\000a\000s\000\040\000t\000e\000c\000n\000o\000l\000o\000g\000\355\000a\000s\000\040\000\253\000E\000t\000h\000e\000r\000n\000e\000t\000\273\000.}{chapter.1}% 10
\BOOKMARK [1][-]{section.1.8}{\376\377\000E\000l\000\040\000p\000r\000o\000t\000o\000c\000o\000l\000o\000\040\000A\000R\000P}{chapter.1}% 11
\BOOKMARK [1][-]{section.1.9}{\376\377\000E\000l\000\040\000m\000o\000d\000e\000l\000o\000\040\000O\000S\000I\000\040\000y\000\040\000\253\000E\000t\000h\000e\000r\000n\000e\000t\000\273\000.}{chapter.1}% 12
\BOOKMARK [1][-]{section.1.10}{\376\377\000T\000i\000p\000o\000s\000\040\000d\000e\000\040\000c\000a\000b\000l\000e\000a\000d\000o\000\040\000\253\000E\000t\000h\000e\000r\000n\000e\000t\000\273\000.}{chapter.1}% 13
\BOOKMARK [1][-]{section.1.11}{\376\377\000C\000a\000b\000l\000e\000a\000d\000o\000\040\000e\000s\000t\000r\000u\000c\000t\000u\000r\000a\000d\000o\000:\000\040\000s\000u\000b\000s\000i\000s\000t\000e\000m\000a\000s\000\040\000t\000r\000o\000n\000c\000a\000l\000e\000s\000\040\000y\000\040\000h\000o\000r\000i\000z\000o\000n\000t\000a\000l\000e\000s\000.}{chapter.1}% 14
\BOOKMARK [1][-]{section.1.12}{\376\377\000A\000l\000g\000o\000r\000i\000t\000m\000o\000\040\000d\000e\000\040\000a\000c\000c\000e\000s\000o\000\040\000a\000l\000\040\000m\000e\000d\000i\000o\000\040\000C\000S\000M\000A\000/\000C\000D\000.}{chapter.1}% 15
\BOOKMARK [1][-]{section.1.13}{\376\377\000E\000s\000t\000r\000u\000c\000t\000u\000r\000a\000\040\000d\000e\000\040\000l\000a\000\040\000t\000r\000a\000m\000a\000\040\000\253\000E\000t\000h\000e\000r\000n\000e\000t\000\273\000.}{chapter.1}% 16
\BOOKMARK [0][-]{chapter.2}{\376\377\000I\000n\000t\000e\000g\000r\000a\000c\000i\000\363\000n\000\040\000d\000e\000\040\000e\000l\000e\000m\000e\000n\000t\000o\000s\000\040\000e\000n\000\040\000u\000n\000a\000\040\000r\000e\000d}{}% 17
\BOOKMARK [1][-]{section.2.1}{\376\377\000L\000o\000s\000\040\000m\000e\000d\000i\000o\000s\000\040\000f\000\355\000s\000i\000c\000o\000s\000.}{chapter.2}% 18
\BOOKMARK [2][-]{subsection.2.1.1}{\376\377\000L\000o\000s\000\040\000c\000a\000b\000l\000e\000s\000\040\000m\000e\000t\000\341\000l\000i\000c\000o\000s\000\040\000\050\000c\000o\000a\000x\000i\000a\000l\000,\000\040\000S\000T\000P\000\040\000y\000\040\000U\000T\000P\000\051\000.}{section.2.1}% 19
\BOOKMARK [2][-]{subsection.2.1.2}{\376\377\000F\000i\000b\000r\000a\000\040\000\363\000p\000t\000i\000c\000a\000\040\000y\000\040\000t\000i\000p\000o\000s\000\040\000d\000e\000\040\000f\000i\000b\000r\000a\000.}{section.2.1}% 20
\BOOKMARK [1][-]{section.2.2}{\376\377\000A\000n\000c\000h\000o\000\040\000d\000e\000\040\000b\000a\000n\000d\000a\000\040\000y\000\040\000t\000a\000s\000a\000\040\000d\000e\000\040\000t\000r\000a\000n\000s\000f\000e\000r\000e\000n\000c\000i\000a\000.}{chapter.2}% 21
\BOOKMARK [2][-]{subsection.2.2.1}{\376\377\000A\000n\000a\000l\000\363\000g\000i\000c\000o\000\040\000v\000s\000\040\000d\000i\000g\000i\000t\000a\000l}{section.2.2}% 22
\BOOKMARK [2][-]{subsection.2.2.2}{\376\377\000P\000a\000r\000\341\000m\000e\000t\000r\000o\000s\000\040\000d\000e\000\040\000u\000n\000a\000\040\000s\000e\000\361\000a\000l\000.}{section.2.2}% 23
\BOOKMARK [2][-]{subsection.2.2.3}{\376\377\000M\000o\000d\000u\000l\000a\000c\000i\000\363\000n}{section.2.2}% 24
\BOOKMARK [2][-]{subsection.2.2.4}{\376\377\000M\000e\000d\000i\000d\000a\000s}{section.2.2}% 25
\BOOKMARK [1][-]{section.2.3}{\376\377\000F\000a\000c\000t\000o\000r\000e\000s\000\040\000f\000\355\000s\000i\000c\000o\000s\000\040\000q\000u\000e\000\040\000a\000f\000e\000c\000t\000a\000n\000\040\000a\000\040\000l\000a\000\040\000t\000r\000a\000n\000s\000m\000i\000s\000i\000\363\000n\000.}{chapter.2}% 26
\BOOKMARK [1][-]{section.2.4}{\376\377\000L\000a\000\040\000c\000o\000n\000e\000x\000i\000\363\000n\000\040\000i\000n\000a\000l\000\341\000m\000b\000r\000i\000c\000a\000.}{chapter.2}% 27
\BOOKMARK [1][-]{section.2.5}{\376\377\000L\000o\000s\000\040\000e\000s\000p\000e\000c\000t\000r\000o\000s\000\040\000d\000e\000\040\000o\000n\000d\000a\000\040\000d\000e\000\040\000m\000i\000c\000r\000o\000o\000n\000d\000a\000s\000\040\000y\000\040\000r\000a\000d\000i\000o\000.}{chapter.2}% 28
\BOOKMARK [1][-]{section.2.6}{\376\377\000T\000o\000p\000o\000l\000o\000g\000\355\000a\000s\000.}{chapter.2}% 29
\BOOKMARK [1][-]{section.2.7}{\376\377\000A\000s\000o\000c\000i\000a\000c\000i\000\363\000n\000\040\000y\000\040\000a\000u\000t\000e\000n\000t\000i\000c\000a\000c\000i\000\363\000n\000\040\000e\000n\000\040\000l\000a\000\040\000W\000L\000A\000N\000.}{chapter.2}% 30
\BOOKMARK [1][-]{section.2.8}{\376\377\000D\000i\000s\000p\000o\000s\000i\000t\000i\000v\000o\000s\000\040\000h\000a\000r\000d\000w\000a\000r\000e\000\040\000e\000n\000\040\000r\000e\000d\000e\000s\000:\000\040\000h\000u\000b\000s\000,\000\040\000A\000P\000s\000,\000\040\000s\000w\000i\000t\000c\000h\000e\000s\000\040\000y\000\040\000r\000o\000u\000t\000e\000r\000s}{chapter.2}% 31
\BOOKMARK [2][-]{subsection.2.8.1}{\376\377\000H\000u\000b}{section.2.8}% 32
\BOOKMARK [2][-]{subsection.2.8.2}{\376\377\000S\000w\000i\000t\000c\000h}{section.2.8}% 33
\BOOKMARK [2][-]{subsection.2.8.3}{\376\377\000E\000j\000e\000m\000p\000l\000o\000\040\000d\000e\000\040\000s\000i\000m\000u\000l\000a\000c\000i\000\363\000n\000\040\000c\000o\000n\000\040\000s\000w\000i\000t\000c\000h}{section.2.8}% 34
\BOOKMARK [1][-]{section.2.9}{\376\377\000D\000i\000r\000e\000c\000c\000i\000o\000n\000a\000m\000i\000e\000n\000t\000o\000.}{chapter.2}% 35
\BOOKMARK [1][-]{section.2.10}{\376\377\000D\000o\000m\000i\000n\000i\000o\000s\000\040\000d\000e\000\040\000c\000o\000l\000i\000s\000i\000\363\000n\000\040\000y\000\040\000d\000e\000\040\000\253\000b\000r\000o\000a\000d\000c\000a\000s\000t\000\273\000.}{chapter.2}% 36
\BOOKMARK [1][-]{section.2.11}{\376\377\000D\000i\000r\000e\000c\000c\000i\000o\000n\000e\000s\000\040\000I\000P\000v\0004\000\040\000y\000\040\000m\000\341\000s\000c\000a\000r\000a\000s\000\040\000d\000e\000\040\000r\000e\000d\000.}{chapter.2}% 37
\BOOKMARK [1][-]{section.2.12}{\376\377\000P\000r\000o\000t\000o\000c\000o\000l\000o\000s\000\040\000d\000e\000\040\000r\000e\000s\000o\000l\000u\000c\000i\000\363\000n\000\040\000d\000e\000\040\000d\000i\000r\000e\000c\000c\000i\000o\000n\000e\000s\000\040\000A\000R\000P\000,\000\040\000R\000A\000R\000P\000.}{chapter.2}% 38
\BOOKMARK [1][-]{section.2.13}{\376\377\000D\000i\000r\000e\000c\000c\000i\000o\000n\000e\000s\000\040\000I\000P\000v\0006}{chapter.2}% 39
\BOOKMARK [2][-]{subsection.2.13.1}{\376\377\000R\000e\000p\000r\000e\000s\000e\000n\000t\000a\000c\000i\000\363\000n\000\040\000d\000e\000\040\000d\000i\000r\000e\000c\000c\000i\000o\000n\000e\000s}{section.2.13}% 40
\BOOKMARK [2][-]{subsection.2.13.2}{\376\377\000T\000i\000p\000o\000s\000\040\000d\000e\000\040\000d\000i\000r\000e\000c\000c\000i\000o\000n\000e\000s}{section.2.13}% 41
\BOOKMARK [1][-]{section.2.14}{\376\377\000C\000o\000n\000j\000u\000n\000t\000o\000s\000\040\000d\000e\000\040\000p\000r\000o\000t\000o\000c\000o\000l\000o\000s\000\040\000I\000P\000v\0006}{chapter.2}% 42
\BOOKMARK [1][-]{section.2.15}{\376\377\000T\000\372\000n\000e\000l\000e\000s\000\040\000I\000P\000v\0006}{chapter.2}% 43
\BOOKMARK [1][-]{section.2.16}{\376\377\000D\000i\000r\000e\000c\000c\000i\000o\000n\000a\000m\000i\000e\000n\000t\000o\000\040\000d\000i\000n\000\341\000m\000i\000c\000o\000\040\000\050\000D\000H\000C\000P\000\051\000.}{chapter.2}% 44
\BOOKMARK [1][-]{section.2.17}{\376\377\000A\000d\000a\000p\000t\000a\000d\000o\000r\000e\000s\000.}{chapter.2}% 45
\BOOKMARK [1][-]{section.2.18}{\376\377\000A\000d\000a\000p\000t\000a\000d\000o\000r\000e\000s\000\040\000a\000l\000\341\000m\000b\000r\000i\000c\000o\000s\000:\000\040\000i\000n\000s\000t\000a\000l\000a\000c\000i\000\363\000n\000\040\000y\000\040\000c\000o\000n\000f\000i\000g\000u\000r\000a\000c\000i\000\363\000n\000.\000A\000d\000a\000p\000t\000a\000d\000o\000r\000e\000s\000\040\000i\000n\000a\000l\000\341\000m\000b\000r\000i\000c\000o\000s\000:\000\040\000i\000n\000s\000t\000a\000l\000a\000c\000i\000\363\000n\000\040\000y\000\040\000c\000o\000n\000f\000i\000g\000u\000r\000a\000c\000i\000\363\000n\000.}{chapter.2}% 46
\BOOKMARK [1][-]{section.2.19}{\376\377\000M\000o\000n\000i\000t\000o\000r\000i\000z\000a\000c\000i\000\363\000n\000\040\000d\000e\000\040\000l\000a\000\040\000r\000e\000d\000\040\000m\000e\000d\000i\000a\000n\000t\000e\000\040\000a\000p\000l\000i\000c\000a\000c\000i\000o\000n\000e\000s\000\040\000q\000u\000e\000\040\000u\000s\000a\000n\000\040\000e\000l\000\040\000p\000r\000o\000t\000o\000c\000o\000l\000o\000\040\000S\000N\000M\000P\000.}{chapter.2}% 47
\BOOKMARK [1][-]{section.2.20}{\376\377\000A\000n\000e\000x\000o\000:\000\040\000E\000j\000e\000r\000c\000i\000c\000i\000o\000s\000\040\000s\000o\000b\000r\000e\000\040\000c\000o\000m\000p\000r\000e\000s\000i\000\363\000n\000\040\000d\000e\000\040\000d\000i\000r\000e\000c\000c\000i\000o\000n\000e\000s\000\040\000I\000P\000v\0006}{chapter.2}% 48
\BOOKMARK [2][-]{subsection.2.20.1}{\376\377\000S\000o\000l\000u\000c\000i\000o\000n\000e\000s\000\040\000a\000\040\000c\000o\000m\000p\000r\000e\000s\000i\000\363\000n\000\040\000d\000e\000\040\000d\000i\000r\000e\000c\000c\000i\000o\000n\000e\000s\000\040\000I\000P\000v\0006}{section.2.20}% 49
\BOOKMARK [1][-]{section.2.21}{\376\377\000A\000n\000e\000x\000o\000:\000\040\000e\000j\000e\000r\000c\000i\000c\000i\000o\000s\000\040\000s\000o\000b\000r\000e\000\040\000c\000l\000a\000s\000i\000f\000i\000c\000a\000c\000i\000\363\000n\000\040\000d\000e\000\040\000d\000i\000r\000e\000c\000c\000i\000o\000n\000e\000s\000\040\000I\000P\000v\0006}{chapter.2}% 50
\BOOKMARK [2][-]{subsection.2.21.1}{\376\377\000S\000o\000l\000u\000c\000i\000o\000n\000e\000s\000\040\000a\000\040\000l\000a\000\040\000c\000l\000a\000s\000i\000f\000i\000c\000a\000c\000i\000o\000n\000e\000s\000\040\000d\000e\000\040\000d\000i\000r\000e\000c\000c\000i\000o\000n\000e\000s\000\040\000I\000P\000v\0006}{section.2.21}% 51
\BOOKMARK [0][-]{chapter.3}{\376\377\000C\000o\000n\000f\000i\000g\000u\000r\000a\000c\000i\000\363\000n\000\040\000y\000\040\000a\000d\000m\000i\000n\000i\000s\000t\000r\000a\000c\000i\000\363\000n\000\040\000d\000e\000\040\000c\000o\000n\000m\000u\000t\000a\000d\000o\000r\000e\000s}{}% 52
\BOOKMARK [0][-]{chapter.4}{\376\377\000C\000o\000n\000f\000i\000g\000u\000r\000a\000c\000i\000\363\000n\000\040\000y\000\040\000a\000d\000m\000i\000n\000i\000s\000t\000r\000a\000c\000i\000\363\000n\000\040\000b\000\341\000s\000i\000c\000a\000\040\000d\000e\000\040\000r\000o\000u\000t\000e\000r\000s}{}% 53
\BOOKMARK [0][-]{chapter.5}{\376\377\000C\000o\000n\000f\000i\000g\000u\000r\000a\000c\000i\000\363\000n\000\040\000d\000e\000\040\000r\000e\000d\000e\000s\000\040\000v\000i\000r\000t\000u\000a\000l\000e\000s\000\040\000V\000L\000A\000N}{}% 54
\BOOKMARK [0][-]{chapter.6}{\376\377\000C\000o\000n\000f\000i\000g\000u\000r\000a\000c\000i\000\363\000n\000\040\000y\000\040\000a\000d\000m\000i\000n\000i\000s\000t\000r\000a\000c\000i\000\363\000n\000\040\000d\000e\000\040\000p\000r\000o\000t\000o\000c\000o\000l\000o\000s\000\040\000d\000i\000n\000\341\000m\000i\000c\000o\000s}{}% 55
\BOOKMARK [0][-]{chapter.7}{\376\377\000C\000o\000n\000f\000i\000g\000u\000r\000a\000c\000i\000\363\000n\000\040\000d\000e\000l\000\040\000a\000c\000c\000e\000s\000o\000\040\000a\000\040\000I\000n\000t\000e\000r\000n\000e\000t\000\040\000d\000e\000s\000d\000e\000\040\000u\000n\000a\000\040\000L\000A\000N}{}% 56
\BOOKMARK [0][-]{chapter.8}{\376\377\000E\000j\000e\000r\000c\000i\000c\000i\000o\000s\000\040\000p\000r\000o\000p\000u\000e\000s\000t\000o\000s\000\040\000p\000a\000r\000a\000\040\000e\000l\000\040\000t\000e\000m\000a\000\040\0001}{}% 57
\BOOKMARK [1][-]{section.8.1}{\376\377\000C\000o\000n\000v\000e\000r\000s\000i\000\363\000n\000\040\000d\000e\000\040\000n\000\372\000m\000e\000r\000o\000s}{chapter.8}% 58
\BOOKMARK [0][-]{chapter.9}{\376\377\000S\000o\000l\000u\000c\000i\000o\000n\000e\000s\000\040\000a\000\040\000e\000j\000e\000r\000c\000i\000c\000i\000o\000s\000\040\000s\000e\000l\000e\000c\000c\000i\000o\000n\000a\000d\000o\000s}{}% 59
